This file contains any messages produced by compilers while
running configure, to aid debugging if configure makes a mistake.

It was created by xbiso.c configure 0.6.0, which was
generated by GNU Autoconf 2.53.  Invocation command line was

  $ ./configure 

## --------- ##
## Platform. ##
## --------- ##

hostname = x86-freebsd1
uname -m = i386
uname -r = 4.9-PRERELEASE
uname -s = FreeBSD
uname -v = FreeBSD 4.9-PRERELEASE #23: Thu Sep 18 22:40:16 PDT 2003     root@usf-cf-x86-freebsd-1:/usr/obj/usr/src/sys/GENERIC 

/usr/bin/uname -p = i386
/bin/uname -X     = unknown

/bin/arch              = unknown
/usr/bin/arch -k       = unknown
/usr/convex/getsysinfo = unknown
hostinfo               = unknown
/bin/machine           = unknown
/usr/bin/oslevel       = unknown
/bin/universe          = unknown

PATH: /sbin
PATH: /bin
PATH: /usr/sbin
PATH: /usr/bin
PATH: /usr/games
PATH: /usr/local/sbin
PATH: /usr/local/bin
PATH: /usr/X11R6/bin
PATH: /home/users/t/to/tonto_r/bin


## ----------- ##
## Core tests. ##
## ----------- ##

configure:1248: checking for gcc
configure:1264: found /usr/bin/gcc
configure:1274: result: gcc
configure:1518: checking for C compiler version
configure:1521: gcc --version </dev/null >&5
2.95.4
configure:1524: $? = 0
configure:1526: gcc -v </dev/null >&5
Using builtin specs.
gcc version 2.95.4 20020320 [FreeBSD]
configure:1529: $? = 0
configure:1531: gcc -V </dev/null >&5
gcc: argument to `-V' is missing
configure:1534: $? = 1
configure:1560: checking for C compiler default output
configure:1563: gcc    conftest.c  >&5
configure:1566: $? = 0
configure:1599: result: a.out
configure:1604: checking whether the C compiler works
configure:1610: ./a.out
configure:1613: $? = 0
configure:1628: result: yes
configure:1635: checking whether we are cross compiling
configure:1637: result: no
configure:1640: checking for suffix of executables
configure:1642: gcc -o conftest    conftest.c  >&5
configure:1645: $? = 0
configure:1667: result: 
configure:1673: checking for suffix of object files
configure:1697: gcc -c   conftest.c >&5
configure:1700: $? = 0
configure:1719: result: o
configure:1723: checking whether we are using the GNU C compiler
configure:1750: gcc -c   conftest.c >&5
configure:1753: $? = 0
configure:1756: test -s conftest.o
configure:1759: $? = 0
configure:1771: result: yes
configure:1777: checking whether gcc accepts -g
configure:1801: gcc -c -g  conftest.c >&5
configure:1804: $? = 0
configure:1807: test -s conftest.o
configure:1810: $? = 0
configure:1820: result: yes
configure:1847: gcc -c -g -O2  conftest.c >&5
conftest.c:2: syntax error before `me'
configure:1850: $? = 1
configure: failed program was:
#ifndef __cplusplus
  choke me
#endif
configure:1962: checking for main in -lftp
configure:1989: gcc -o conftest -g -O2   conftest.c -lftp   >&5
/usr/libexec/elf/ld: cannot find -lftp
configure:1992: $? = 1
configure: failed program was:
#line 1969 "configure"
#include "confdefs.h"


#ifdef F77_DUMMY_MAIN
#  ifdef __cplusplus
     extern "C"
#  endif
   int F77_DUMMY_MAIN() { return 1; }
#endif
int
main ()
{
main ();
  ;
  return 0;
}
configure:2009: result: no
configure:2014: WARNING: Warning libftp not found ftp features disabled
configure:2018: checking for ceil in -lm
configure:2051: gcc -o conftest -g -O2   conftest.c -lm   >&5
configure:2054: $? = 0
configure:2057: test -s conftest
configure:2060: $? = 0
configure:2071: result: yes
configure:2094: checking how to run the C preprocessor
configure:2120: gcc -E  conftest.c
configure:2126: $? = 0
configure:2153: gcc -E  conftest.c
configure:2149: ac_nonexistent.h: No such file or directory
configure:2159: $? = 1
configure: failed program was:
#line 2148 "configure"
#include "confdefs.h"
#include <ac_nonexistent.h>
configure:2196: result: gcc -E
configure:2211: gcc -E  conftest.c
configure:2217: $? = 0
configure:2244: gcc -E  conftest.c
configure:2240: ac_nonexistent.h: No such file or directory
configure:2250: $? = 1
configure: failed program was:
#line 2239 "configure"
#include "confdefs.h"
#include <ac_nonexistent.h>
configure:2290: checking for ANSI C header files
configure:2304: gcc -E  conftest.c
configure:2310: $? = 0
configure:2395: gcc -o conftest -g -O2   conftest.c  -lm >&5
configure:2398: $? = 0
configure:2400: ./conftest
configure:2403: $? = 0
configure:2417: result: yes
configure:2441: checking for sys/types.h
configure:2454: gcc -c -g -O2  conftest.c >&5
configure:2457: $? = 0
configure:2460: test -s conftest.o
configure:2463: $? = 0
configure:2473: result: yes
configure:2441: checking for sys/stat.h
configure:2454: gcc -c -g -O2  conftest.c >&5
configure:2457: $? = 0
configure:2460: test -s conftest.o
configure:2463: $? = 0
configure:2473: result: yes
configure:2441: checking for stdlib.h
configure:2454: gcc -c -g -O2  conftest.c >&5
configure:2457: $? = 0
configure:2460: test -s conftest.o
configure:2463: $? = 0
configure:2473: result: yes
configure:2441: checking for string.h
configure:2454: gcc -c -g -O2  conftest.c >&5
configure:2457: $? = 0
configure:2460: test -s conftest.o
configure:2463: $? = 0
configure:2473: result: yes
configure:2441: checking for memory.h
configure:2454: gcc -c -g -O2  conftest.c >&5
configure:2457: $? = 0
configure:2460: test -s conftest.o
configure:2463: $? = 0
configure:2473: result: yes
configure:2441: checking for strings.h
configure:2454: gcc -c -g -O2  conftest.c >&5
configure:2457: $? = 0
configure:2460: test -s conftest.o
configure:2463: $? = 0
configure:2473: result: yes
configure:2441: checking for inttypes.h
configure:2454: gcc -c -g -O2  conftest.c >&5
configure:2457: $? = 0
configure:2460: test -s conftest.o
configure:2463: $? = 0
configure:2473: result: yes
configure:2441: checking for stdint.h
configure:2454: gcc -c -g -O2  conftest.c >&5
configure:2482: stdint.h: No such file or directory
configure:2457: $? = 1
configure: failed program was:
#line 2446 "configure"
#include "confdefs.h"
#include <stdio.h>
#if HAVE_SYS_TYPES_H
# include <sys/types.h>
#endif
#if HAVE_SYS_STAT_H
# include <sys/stat.h>
#endif
#if STDC_HEADERS
# include <stdlib.h>
# include <stddef.h>
#else
# if HAVE_STDLIB_H
#  include <stdlib.h>
# endif
#endif
#if HAVE_STRING_H
# if !STDC_HEADERS && HAVE_MEMORY_H
#  include <memory.h>
# endif
# include <string.h>
#endif
#if HAVE_STRINGS_H
# include <strings.h>
#endif
#if HAVE_INTTYPES_H
# include <inttypes.h>
#else
# if HAVE_STDINT_H
#  include <stdint.h>
# endif
#endif
#if HAVE_UNISTD_H
# include <unistd.h>
#endif

#include <stdint.h>
configure:2473: result: no
configure:2441: checking for unistd.h
configure:2454: gcc -c -g -O2  conftest.c >&5
configure:2457: $? = 0
configure:2460: test -s conftest.o
configure:2463: $? = 0
configure:2473: result: yes
configure:2501: checking fcntl.h usability
configure:2510: gcc -c -g -O2  conftest.c >&5
configure:2513: $? = 0
configure:2516: test -s conftest.o
configure:2519: $? = 0
configure:2528: result: yes
configure:2532: checking fcntl.h presence
configure:2539: gcc -E  conftest.c
configure:2545: $? = 0
configure:2563: result: yes
configure:2581: checking for fcntl.h
configure:2588: result: yes
configure:2501: checking malloc.h usability
configure:2510: gcc -c -g -O2  conftest.c >&5
In file included from configure:2538:
/usr/include/malloc.h:2: warning: #warning "this file includes <malloc.h> which is deprecated, use <stdlib.h> instead"
configure:2513: $? = 0
configure:2516: test -s conftest.o
configure:2519: $? = 0
configure:2528: result: yes
configure:2532: checking malloc.h presence
configure:2539: gcc -E  conftest.c
In file included from configure:2535:
/usr/include/malloc.h:2: warning: #warning "this file includes <malloc.h> which is deprecated, use <stdlib.h> instead"
configure:2545: $? = 0
configure:2563: result: yes
configure:2581: checking for malloc.h
configure:2588: result: yes
configure:2492: checking for unistd.h
configure:2497: result: yes
configure:2626: checking whether byte ordering is bigendian
configure:2656: gcc -c -g -O2  conftest.c >&5
configure:2659: $? = 0
configure:2662: test -s conftest.o
configure:2665: $? = 0
configure:2692: gcc -c -g -O2  conftest.c >&5
configure: In function `main':
configure:2682: syntax error before `big'
configure:2695: $? = 1
configure: failed program was:
#line 2668 "configure"
#include "confdefs.h"
#include <sys/types.h>
#include <sys/param.h>

#ifdef F77_DUMMY_MAIN
#  ifdef __cplusplus
     extern "C"
#  endif
   int F77_DUMMY_MAIN() { return 1; }
#endif
int
main ()
{
#if BYTE_ORDER != BIG_ENDIAN
 not big endian
#endif

  ;
  return 0;
}
configure:2809: result: no
configure:2828: checking for gcc option to accept ANSI C
configure:2891: gcc  -c -g -O2  conftest.c >&5
configure:2894: $? = 0
configure:2897: test -s conftest.o
configure:2900: $? = 0
configure:2917: result: none needed
configure:2925: checking for an ANSI C-conforming const
configure:2995: gcc -c -g -O2  conftest.c >&5
configure:2998: $? = 0
configure:3001: test -s conftest.o
configure:3004: $? = 0
configure:3014: result: yes
configure:3024: checking for off_t
configure:3051: gcc -c -g -O2  conftest.c >&5
configure:3054: $? = 0
configure:3057: test -s conftest.o
configure:3060: $? = 0
configure:3070: result: yes
configure:3082: checking for size_t
configure:3109: gcc -c -g -O2  conftest.c >&5
configure:3112: $? = 0
configure:3115: test -s conftest.o
configure:3118: $? = 0
configure:3128: result: yes
configure:3140: checking whether time.h and sys/time.h may both be included
configure:3168: gcc -c -g -O2  conftest.c >&5
configure:3171: $? = 0
configure:3174: test -s conftest.o
configure:3177: $? = 0
configure:3187: result: yes
configure:3200: checking for working alloca.h
configure:3224: gcc -o conftest -g -O2   conftest.c  -lm >&5
configure:3206: alloca.h: No such file or directory
configure:3227: $? = 1
configure: failed program was:
#line 3205 "configure"
#include "confdefs.h"
#include <alloca.h>
#ifdef F77_DUMMY_MAIN
#  ifdef __cplusplus
     extern "C"
#  endif
   int F77_DUMMY_MAIN() { return 1; }
#endif
int
main ()
{
char *p = (char *) alloca (2 * sizeof (int));
  ;
  return 0;
}
configure:3243: result: no
configure:3253: checking for alloca
configure:3297: gcc -o conftest -g -O2   conftest.c  -lm >&5
configure:3300: $? = 0
configure:3303: test -s conftest
configure:3306: $? = 0
configure:3316: result: yes
configure:3511: checking for mkdir
configure:3554: gcc -o conftest -g -O2   conftest.c  -lm >&5
configure:3557: $? = 0
configure:3560: test -s conftest
configure:3563: $? = 0
configure:3573: result: yes
configure:3511: checking for strdup
configure:3554: gcc -o conftest -g -O2   conftest.c  -lm >&5
configure:3557: $? = 0
configure:3560: test -s conftest
configure:3563: $? = 0
configure:3573: result: yes
configure:3665: creating ./config.status

## ---------------------- ##
## Running config.status. ##
## ---------------------- ##

This file was extended by xbiso.c config.status 0.6.0, which was
generated by GNU Autoconf 2.53.  Invocation command line was

  CONFIG_FILES    = 
  CONFIG_HEADERS  = 
  CONFIG_LINKS    = 
  CONFIG_COMMANDS = 
  $ ./config.status 

on x86-freebsd1

config.status:559: creating Makefile
config.status:662: creating config.h

## ---------------- ##
## Cache variables. ##
## ---------------- ##

ac_cv_c_bigendian=no
ac_cv_c_compiler_gnu=yes
ac_cv_c_const=yes
ac_cv_env_CC_set=
ac_cv_env_CC_value=
ac_cv_env_CFLAGS_set=
ac_cv_env_CFLAGS_value=
ac_cv_env_CPPFLAGS_set=
ac_cv_env_CPPFLAGS_value=
ac_cv_env_CPP_set=
ac_cv_env_CPP_value=
ac_cv_env_LDFLAGS_set=
ac_cv_env_LDFLAGS_value=
ac_cv_env_build_alias_set=
ac_cv_env_build_alias_value=
ac_cv_env_host_alias_set=
ac_cv_env_host_alias_value=
ac_cv_env_target_alias_set=
ac_cv_env_target_alias_value=
ac_cv_exeext=
ac_cv_func_alloca_works=yes
ac_cv_func_mkdir=yes
ac_cv_func_strdup=yes
ac_cv_header_fcntl_h=yes
ac_cv_header_inttypes_h=yes
ac_cv_header_malloc_h=yes
ac_cv_header_memory_h=yes
ac_cv_header_stdc=yes
ac_cv_header_stdint_h=no
ac_cv_header_stdlib_h=yes
ac_cv_header_string_h=yes
ac_cv_header_strings_h=yes
ac_cv_header_sys_stat_h=yes
ac_cv_header_sys_types_h=yes
ac_cv_header_time=yes
ac_cv_header_unistd_h=yes
ac_cv_lib_ftp_main=no
ac_cv_lib_m_ceil=yes
ac_cv_objext=o
ac_cv_prog_CPP='gcc -E'
ac_cv_prog_ac_ct_CC=gcc
ac_cv_prog_cc_g=yes
ac_cv_prog_cc_stdc=
ac_cv_type_off_t=yes
ac_cv_type_size_t=yes
ac_cv_working_alloca_h=no

## ----------- ##
## confdefs.h. ##
## ----------- ##

#define PACKAGE_NAME "xbiso.c"
#define PACKAGE_TARNAME "xbiso-c"
#define PACKAGE_VERSION "0.6.0"
#define PACKAGE_STRING "xbiso.c 0.6.0"
#define PACKAGE_BUGREPORT "xbiso@linuxmail.org"
#define STDC_HEADERS 1
#define HAVE_SYS_TYPES_H 1
#define HAVE_SYS_STAT_H 1
#define HAVE_STDLIB_H 1
#define HAVE_STRING_H 1
#define HAVE_MEMORY_H 1
#define HAVE_STRINGS_H 1
#define HAVE_INTTYPES_H 1
#define HAVE_UNISTD_H 1
#define HAVE_FCNTL_H 1
#define HAVE_MALLOC_H 1
#define HAVE_UNISTD_H 1
#define _BSD 1
#define TIME_WITH_SYS_TIME 1
#define HAVE_ALLOCA 1
#define HAVE_MKDIR 1
#define HAVE_STRDUP 1

configure: exit 0
